TN:
SF:src/ClaimToken.sol
FN:22,ClaimToken.grantCheckpoint
FNDA:1,ClaimToken.grantCheckpoint
DA:26,1
FN:29,ClaimToken.createCheckpoint
FNDA:7,ClaimToken.createCheckpoint
DA:34,7
FN:37,ClaimToken.getCurrentCheckpointId
FNDA:6,ClaimToken.getCurrentCheckpointId
DA:38,6
FN:41,ClaimToken.mint
FNDA:1,ClaimToken.mint
DA:42,1
FNF:4
FNH:4
LF:4
LH:4
BRF:0
BRH:0
end_of_record
TN:
SF:src/Vault.sol
FN:40,Vault.grantDividend
FNDA:1,Vault.grantDividend
DA:44,1
FN:47,Vault.createDividend
FNDA:7,Vault.createDividend
DA:52,7
DA:53,7
DA:59,4
FN:62,Vault._createDividend
FNDA:7,Vault._createDividend
DA:68,7
BRDA:68,0,0,1
BRDA:68,0,1,6
DA:72,6
BRDA:72,1,0,1
BRDA:72,1,1,5
DA:73,5
BRDA:73,2,0,1
BRDA:73,2,1,4
DA:74,4
BRDA:74,3,0,-
BRDA:74,3,1,4
DA:80,4
DA:82,4
DA:84,4
DA:87,4
DA:89,4
DA:97,4
FN:100,Vault.claimDividend
FNDA:6,Vault.claimDividend
DA:101,6
BRDA:101,4,0,1
BRDA:101,4,1,5
DA:105,5
BRDA:105,5,0,-
BRDA:105,5,1,5
DA:109,5
BRDA:109,6,0,1
BRDA:109,6,1,4
DA:114,4
DA:115,4
BRDA:115,7,0,1
BRDA:115,7,1,3
DA:119,3
FN:122,Vault.reclaimDividend
FNDA:5,Vault.reclaimDividend
DA:126,4
BRDA:126,8,0,1
BRDA:126,8,1,3
DA:130,3
BRDA:130,9,0,1
BRDA:130,9,1,2
DA:134,2
BRDA:134,10,0,1
BRDA:134,10,1,1
DA:138,1
DA:139,1
DA:140,1
DA:142,1
FN:148,Vault._payDividend
FNDA:3,Vault._payDividend
DA:153,3
DA:154,3
DA:155,3
DA:157,3
DA:159,3
FN:167,Vault.calculateDividend
FNDA:0,Vault.calculateDividend
DA:172,3
BRDA:172,11,0,-
BRDA:172,11,1,3
DA:177,3
DA:178,3
BRDA:178,12,0,-
BRDA:178,12,1,3
DA:180,3
DA:185,3
DA:188,3
DA:191,3
FNF:7
FNH:6
LF:39
LH:39
BRF:26
BRH:22
end_of_record
